<?xml version="1.0" encoding="UTF-8"?>
<testng-results ignored="0" total="1" passed="1" failed="0" skipped="0">
  <reporter-output>
  </reporter-output>
  <suite started-at="2023-11-04T09:00:57 IST" name="Suite" finished-at="2023-11-04T09:01:44 IST" duration-ms="46232">
    <groups>
    </groups>
    <test started-at="2023-11-04T09:00:57 IST" name="Test" finished-at="2023-11-04T09:01:44 IST" duration-ms="46232">
      <class name="TestCasePackage.Tc_01_HRMTest">
        <test-method is-config="true" signature="launchApp()[pri:0, instance:TestCasePackage.Tc_01_HRMTest@4dbb42b7]" started-at="2023-11-04T09:00:57 IST" name="launchApp" finished-at="2023-11-04T09:01:36 IST" duration-ms="39058" status="PASS">
          <reporter-output>
          </reporter-output>
        </test-method> <!-- launchApp -->
        <test-method signature="selectValues()[pri:0, instance:TestCasePackage.Tc_01_HRMTest@4dbb42b7]" started-at="2023-11-04T09:01:37 IST" name="selectValues" finished-at="2023-11-04T09:01:44 IST" duration-ms="7045" status="PASS">
          <reporter-output>
          </reporter-output>
        </test-method> <!-- selectValues -->
      </class> <!-- TestCasePackage.Tc_01_HRMTest -->
    </test> <!-- Test -->
  </suite> <!-- Suite -->
</testng-results>
